<?xml version="1.0" encoding="UTF-8"?>
<testng-results ignored="0" total="2" passed="2" failed="0" skipped="0">
  <reporter-output>
  </reporter-output>
  <suite started-at="2023-12-20T10:33:05 IST" name="Default suite" finished-at="2023-12-20T10:35:53 IST" duration-ms="167791">
    <groups>
    </groups>
    <test started-at="2023-12-20T10:33:05 IST" name="Default test" finished-at="2023-12-20T10:35:53 IST" duration-ms="167791">
      <class name="workShopDec23.DataDrivenDeom">
        <test-method signature="Login(java.lang.String,java.lang.String)[pri:0, instance:workShopDec23.DataDrivenDeom@4f80542f]" started-at="2023-12-20T10:33:05 IST" name="Login" data-provider="getData" finished-at="2023-12-20T10:34:23 IST" duration-ms="77251" status="PASS">
          <params>
            <param index="0">
              <value>
                <![CDATA[tomsmith]]>
              </value>
            </param>
            <param index="1">
              <value>
                <![CDATA[SuperSecretPassword!]]>
              </value>
            </param>
          </params>
          <reporter-output>
          </reporter-output>
        </test-method> <!-- Login -->
        <test-method signature="Login(java.lang.String,java.lang.String)[pri:0, instance:workShopDec23.DataDrivenDeom@4f80542f]" started-at="2023-12-20T10:34:23 IST" name="Login" data-provider="getData" finished-at="2023-12-20T10:35:53 IST" duration-ms="90443" status="PASS">
          <params>
            <param index="0">
              <value>
                <![CDATA[admin]]>
              </value>
            </param>
            <param index="1">
              <value>
                <![CDATA[admin]]>
              </value>
            </param>
          </params>
          <reporter-output>
          </reporter-output>
        </test-method> <!-- Login -->
      </class> <!-- workShopDec23.DataDrivenDeom -->
    </test> <!-- Default test -->
  </suite> <!-- Default suite -->
</testng-results>
